[12Mar2026 22:55:41.957] [main/INFO] [net.neoforged.fml.startup.Entrypoint/]: JVM Uptime at startup: 84ms
[12Mar2026 22:55:41.964] [main/INFO] [net.neoforged.fml.loading.FMLLoader/]: Starting FancyModLoader version 10.0.36 (CLIENT in DEV)
[12Mar2026 22:55:41.964] [main/INFO] [net.neoforged.fml.loading.FMLLoader/]: Game directory: /home/fiverka/Documents/fiverkas-weapons-1.21.5-1.21.11/runs/client
[12Mar2026 22:55:42.006] [main/INFO] [net.neoforged.fml.loading.EarlyServiceDiscovery/]: Found 2 early service jars (out of 97) in 18ms
[12Mar2026 22:55:42.007] [main/INFO] [net.neoforged.fml.loading.FMLLoader/]: Loading FML Early Services:
[12Mar2026 22:55:42.007] [main/INFO] [net.neoforged.fml.loading.FMLLoader/]:  - /home/fiverka/.gradle/caches/modules-2/files-2.1/net.neoforged.fancymodloader/earlydisplay/10.0.36/dbd0e11d545443f602addede111c39d9639708f9/earlydisplay-10.0.36.jar
[12Mar2026 22:55:42.008] [main/INFO] [net.neoforged.fml.loading.FMLLoader/]:  - /home/fiverka/.gradle/caches/modules-2/files-2.1/net.neoforged.fancymodloader/loader/10.0.36/f72ab4d3e755fe736829883d90430a281527aca/loader-10.0.36.jar
[12Mar2026 22:55:42.011] [main/INFO] [net.neoforged.fml.loading.ImmediateWindowHandler/]: Loading ImmediateWindowProvider fmlearlywindow
[12Mar2026 22:55:42.351] [ForkJoinPool.commonPool-worker-15/INFO] [net.neoforged.fml.loading.moddiscovery.locators.GameLocator/]: Detected a joined NeoForge and Minecraft configuration. Applying filtering...
[12Mar2026 22:55:42.445] [ForkJoinPool.commonPool-worker-15/INFO] [net.neoforged.fml.loading.moddiscovery.locators.InDevFolderLocator/CORE]: Got mod coordinates fiverkas_weapons%%/home/fiverka/Documents/fiverkas-weapons-1.21.5-1.21.11/build/resources/main:fiverkas_weapons%%/home/fiverka/Documents/fiverkas-weapons-1.21.5-1.21.11/build/classes/java/main from env
[12Mar2026 22:55:42.468] [fml-loadingscreen/INFO] [net.neoforged.fml.earlydisplay.render.LoadingScreenRenderer/]: GL info: NVIDIA GeForce RTX 3060/PCIe/SSE2 GL version 3.3.0 NVIDIA 590.48.01, NVIDIA Corporation
[12Mar2026 22:55:42.562] [ForkJoinPool.commonPool-worker-15/WARN] [net.neoforged.jarjar.selection.JarSelector/]: Attempted to select a dependency jar for JarJar which was passed in as source: library:mixinextras.neoforge. Using jar(/home/fiverka/.gradle/caches/modules-2/files-2.1/io.github.llamalad7/mixinextras-neoforge/0.5.0/d734b83ce6542bb70ea31755c1595b88992dbe65/mixinextras-neoforge-0.5.0.jar)
[12Mar2026 22:55:42.563] [ForkJoinPool.commonPool-worker-15/INFO] [net.neoforged.fml.loading.moddiscovery.locators.JarInJarDependencyLocator/]: Found 5 dependencies adding them to mods collection
[12Mar2026 22:55:42.564] [ForkJoinPool.commonPool-worker-15/INFO] [net.neoforged.fml.loading.moddiscovery.ModDiscoverer/]: 
     Mod List:
		Name Version (Mod Id)

		Better Combat 3.0.1 (bettercombat)
		Cloth Config v20 API 21.11.153 (cloth_config)
		Fiverka's Weapons 1.0.4 (fweapons)
		Minecraft 1.21.11 (minecraft)
		NeoForge 21.11.38-beta (neoforge)
		Player Animation Library 1.1.6+mc.1.21.11 (player_animation_library)
		Tiny Config 3.1.0 (tiny_config)
[12Mar2026 22:55:42.744] [main/INFO] [mixin/]: SpongePowered MIXIN Subsystem Version=0.8.7 Source=file:/home/fiverka/.gradle/caches/modules-2/files-2.1/net.fabricmc/sponge-mixin/0.16.5+mixin.0.8.7/80fc3a9f592673cea87f4cd702f87991c6c9fe4d/sponge-mixin-0.16.5+mixin.0.8.7.jar Service=FML Env=CLIENT
[12Mar2026 22:55:42.757] [main/INFO] [net.neoforged.fml.loading.FMLLoader/]: Loading FML Plugins:
[12Mar2026 22:55:42.757] [main/INFO] [net.neoforged.fml.loading.FMLLoader/]:  - mods/cloth-config-21.11.153-neoforge.jar > cloth-config-coremods-21.11.153.jar
[12Mar2026 22:55:42.757] [main/INFO] [net.neoforged.fml.loading.FMLLoader/]:  - mods/PlayerAnimationLibNeoforge-1.1.6+mc.1.21.11.jar > javassist-3.30.2-GA.jar
[12Mar2026 22:55:42.757] [main/INFO] [net.neoforged.fml.loading.FMLLoader/]:  - /home/fiverka/.gradle/caches/modules-2/files-2.1/net.neoforged/neoforge/21.11.38-beta/3425b0afef02d6a90f7204843bd3cb774c48e372/neoforge-21.11.38-beta-universal.jar > net.neoforged.neoforge-coremods-21.11.38-beta.jar
[12Mar2026 22:55:42.826] [main/INFO] [net.neoforged.fml.loading.FMLLoader/]: Building game content classloader:
 - bettercombat (jar(mods/bettercombat-neoforge-3.0.1+1.21.11.jar))
 - cloth_config (jar(mods/cloth-config-21.11.153-neoforge.jar))
 - fweapons (composite(folder(/home/fiverka/Documents/fiverkas-weapons-1.21.5-1.21.11/build/resources/main), folder(/home/fiverka/Documents/fiverkas-weapons-1.21.5-1.21.11/build/classes/java/main)))
 - minecraft (composite(filtered(jar(/home/fiverka/Documents/fiverkas-weapons-1.21.5-1.21.11/.gradle/repositories/ng_dummy_ng/net/neoforged/neoforge/21.11.38-beta/neoforge-21.11.38-beta.jar)), filtered(jar(/home/fiverka/Documents/fiverkas-weapons-1.21.5-1.21.11/.gradle/repositories/ng_dummy_ng/net/neoforged/neoforge/21.11.38-beta/neoforge-21.11.38-beta.jar))))
 - mixinextras.neoforge (jar(/home/fiverka/.gradle/caches/modules-2/files-2.1/io.github.llamalad7/mixinextras-neoforge/0.5.0/d734b83ce6542bb70ea31755c1595b88992dbe65/mixinextras-neoforge-0.5.0.jar))
 - mochafloats (jar(mods/PlayerAnimationLibNeoforge-1.1.6+mc.1.21.11.jar > mochafloats-4.1.5.jar))
 - neoforge (composite(filtered(jar(/home/fiverka/.gradle/caches/modules-2/files-2.1/net.neoforged/neoforge/21.11.38-beta/3425b0afef02d6a90f7204843bd3cb774c48e372/neoforge-21.11.38-beta-universal.jar))))
 - net.neoforged.fml.generated (empty(VirtualJar/net.neoforged.fml.generated))
 - player_animation_library (jar(mods/PlayerAnimationLibNeoforge-1.1.6+mc.1.21.11.jar))
 - tiny_config (jar(mods/bettercombat-neoforge-3.0.1+1.21.11.jar > tiny-config-3.1.0-neoforge.jar))
[12Mar2026 22:55:42.842] [main/INFO] [net.neoforged.fml.loading.FMLLoader/]: Built game content classloader in 23ms
[12Mar2026 22:55:43.827] [main/INFO] [MixinExtras|Service/]: Initializing MixinExtras via com.llamalad7.mixinextras.service.MixinExtrasServiceImpl(version=0.5.0).
[12Mar2026 22:55:43.999] [Datafixer Bootstrap/INFO] [com.mojang.datafixers.DataFixerBuilder/]: 287 Datafixer optimizations took 353 milliseconds
[12Mar2026 22:55:46.875] [main/WARN] [net.minecraft.SystemReport/]: Failed to get system info for Render Extensions
java.lang.IllegalStateException: Can't getDevice() before it was initialized
	at TRANSFORMER/minecraft@1.21.11/com.mojang.blaze3d.systems.RenderSystem.getDevice(RenderSystem.java:299) ~[neoforge-21.11.38-beta.jar:?]
	at TRANSFORMER/minecraft@1.21.11/net.minecraft.client.Minecraft.lambda$fillSystemReport$46(Minecraft.java:2527) [neoforge-21.11.38-beta.jar:?]
	at TRANSFORMER/minecraft@1.21.11/net.minecraft.SystemReport.setDetail(SystemReport.java:78) ~[neoforge-21.11.38-beta.jar:?]
	at TRANSFORMER/minecraft@1.21.11/net.minecraft.client.Minecraft.fillSystemReport(Minecraft.java:2527) [neoforge-21.11.38-beta.jar:?]
	at TRANSFORMER/minecraft@1.21.11/net.minecraft.client.Minecraft.fillReport(Minecraft.java:2497) [neoforge-21.11.38-beta.jar:?]
	at TRANSFORMER/minecraft@1.21.11/net.minecraft.client.main.Main.main(Main.java:207) [neoforge-21.11.38-beta.jar:?]
	at net.neoforged.fml.startup.Client.main(Client.java:19) [loader-10.0.36.jar:10.0]
